Using pre-set license
Built from '2020.3/release' branch; Version is '2020.3.12f1 (b3b2c6512326) revision 11776710'; Using compiler version '192528614'; Build Type 'Release'
OS: 'Windows 10 Home Single Language; OS build 19042.1165; Version 2009; 64bit' Language: 'en' Physical Memory: 8023 MB
BatchMode: 1, IsHumanControllingUs: 0, StartBugReporterOnCrash: 0, Is64bit: 1, IsPro: 0

 COMMAND LINE ARGUMENTS:
C:\Users\Acer\Desktop\gamemaking\2020.3.12f1\Editor\Unity.exe
-adb2
-batchMode
-noUpm
-name
AssetImportWorker0
-projectPath
C:/Users/Acer/Desktop/work/3Dgameproject/3Dgameproject
-logFile
Logs/AssetImportWorker0.log
-srvPort
53888
Successfully changed project path to: C:/Users/Acer/Desktop/work/3Dgameproject/3Dgameproject
C:/Users/Acer/Desktop/work/3Dgameproject/3Dgameproject
Using Asset Import Pipeline V2.
Refreshing native plugins compatible for Editor in 25.06 ms, found 2 plugins.
Preloading 0 native plugins for Editor in 0.00 ms.
Initialize engine version: 2020.3.12f1 (b3b2c6512326)
[Subsystems] Discovering subsystems at path C:/Users/Acer/Desktop/gamemaking/2020.3.12f1/Editor/Data/Resources/UnitySubsystems
[Subsystems] Discovering subsystems at path C:/Users/Acer/Desktop/work/3Dgameproject/3Dgameproject/Assets
GfxDevice: creating device client; threaded=0
Direct3D:
    Version:  Direct3D 11.0 [level 11.1]
    Renderer: NVIDIA GeForce GTX 1650 (ID=0x1f99)
    Vendor:   
    VRAM:     3962 MB
    Driver:   27.21.14.5167
Initialize mono
Mono path[0] = 'C:/Users/Acer/Desktop/gamemaking/2020.3.12f1/Editor/Data/Managed'
Mono path[1] = 'C:/Users/Acer/Desktop/gamemaking/2020.3.12f1/Editor/Data/MonoBleedingEdge/lib/mono/unityjit'
Mono config path = 'C:/Users/Acer/Desktop/gamemaking/2020.3.12f1/Editor/Data/MonoBleedingEdge/etc'
Using monoOptions --debugger-agent=transport=dt_socket,embedding=1,server=y,suspend=n,address=127.0.0.1:56520
Begin MonoManager ReloadAssembly
Registering precompiled unity dll's ...
Register platform support module: C:/Users/Acer/Desktop/gamemaking/2020.3.12f1/Editor/Data/PlaybackEngines/WindowsStandaloneSupport/UnityEditor.WindowsStandalone.Extensions.dll
Registered in 0.001575 seconds.
Native extension for WindowsStandalone target not found
Refreshing native plugins compatible for Editor in 23.64 ms, found 2 plugins.
Preloading 0 native plugins for Editor in 0.00 ms.
Mono: successfully reloaded assembly
- Completed reload, in  0.902 seconds
Platform modules already initialized, skipping
Registering precompiled user dll's ...
Registered in 0.003138 seconds.
Begin MonoManager ReloadAssembly
Native extension for WindowsStandalone target not found
Refreshing native plugins compatible for Editor in 0.28 ms, found 2 plugins.
Preloading 0 native plugins for Editor in 0.00 ms.
Mono: successfully reloaded assembly
- Completed reload, in  0.847 seconds
Platform modules already initialized, skipping
========================================================================
Worker process is ready to serve import requests
Launched and connected shader compiler UnityShaderCompiler.exe after 0.03 seconds
Refreshing native plugins compatible for Editor in 0.51 ms, found 2 plugins.
Preloading 0 native plugins for Editor in 0.00 ms.
Unloading 1391 Unused Serialized files (Serialized files now loaded: 0)
System memory in use before: 64.9 MB.
System memory in use after: 64.9 MB.

Unloading 19 unused Assets to reduce memory usage. Loaded Objects now: 1824.
Total: 3.501300 ms (FindLiveObjects: 0.139200 ms CreateObjectMapping: 0.061400 ms MarkObjects: 2.943500 ms  DeleteObjects: 0.356300 ms)

AssetImportParameters requested are different than current active one (requested -> active):
  custom:framework-win-MediaFoundation: 216162199b28c13a410421893ffa2e32 -> 
  custom:video-decoder-ogg-theora: a1e56fd34408186e4bbccfd4996cb3dc -> 
  custom:container-muxer-webm: aa71ff27fc2769a1b78a27578f13a17b -> 
  custom:container-demuxer-webm: 4f35f7cbe854078d1ac9338744f61a02 -> 
  custom:container-demuxer-ogg: 62fdf1f143b41e24485cea50d1cbac27 -> 
  custom:video-encoder-webm-vp8: eb34c28f22e8b96e1ab97ce403110664 -> 
  custom:video-decoder-webm-vp8: 9c59270c3fd7afecdb556c50c9e8de78 -> 
  custom:audio-decoder-ogg-vorbis: bf7c407c2cedff20999df2af8eb42d56 -> 
  custom:audio-encoder-webm-vorbis: bf7c407c2cedff20999df2af8eb42d56 -> 
========================================================================
Received Import Request.
  path: Assets/Chuong's scripts/movement.cs
  artifactKey: Guid(468092e74c6ad4a4b818a43f0d8df9c5) Importer(815301076,1909f56bfc062723c751e8b465ee728b)
Start importing Assets/Chuong's scripts/movement.cs using Guid(468092e74c6ad4a4b818a43f0d8df9c5) Importer(815301076,1909f56bfc062723c751e8b465ee728b)  -> (artifact id: '3ee10c79237e18d2bfee5089bcac285f') in 0.038969 seconds 
  Import took 0.041642 seconds .

========================================================================
Received Import Request.
  Time since last request: 8.704694 seconds.
  path: Assets/Chuong's scripts/movement(harder).cs
  artifactKey: Guid(0477bb87d8e53ec498252b67facb4666) Importer(815301076,1909f56bfc062723c751e8b465ee728b)
Start importing Assets/Chuong's scripts/movement(harder).cs using Guid(0477bb87d8e53ec498252b67facb4666) Importer(815301076,1909f56bfc062723c751e8b465ee728b)  -> (artifact id: 'a67bae15cd62a4ec6c715d26d1a0fac0') in 0.006768 seconds 
  Import took 0.010138 seconds .

========================================================================
Received Import Request.
  Time since last request: 165.344620 seconds.
  path: Assets/Scenes/Maze test field.unity
  artifactKey: Guid(bbb5dde28134ecc40a203b7e170d0a58) Importer(815301076,1909f56bfc062723c751e8b465ee728b)
Start importing Assets/Scenes/Maze test field.unity using Guid(bbb5dde28134ecc40a203b7e170d0a58) Importer(815301076,1909f56bfc062723c751e8b465ee728b)  -> (artifact id: 'e4489c547c8481eb6a76bec462c5cb03') in 0.015806 seconds 
  Import took 0.019029 seconds .

========================================================================
Received Import Request.
  Time since last request: 20.022789 seconds.
  path: Assets/maze/maze.unity
  artifactKey: Guid(31e484d1f4832414eb279d185fc2ac0f) Importer(815301076,1909f56bfc062723c751e8b465ee728b)
Start importing Assets/maze/maze.unity using Guid(31e484d1f4832414eb279d185fc2ac0f) Importer(815301076,1909f56bfc062723c751e8b465ee728b)  -> (artifact id: 'ba8a9a96bc538ee09514b0d2e22d24ea') in 0.007637 seconds 
  Import took 0.010765 seconds .

========================================================================
Received Import Request.
  Time since last request: 310.802848 seconds.
  path: Assets/Scenes/testing field 2/NavMesh.asset
  artifactKey: Guid(c96917936fc81a64397725a8d252336a) Importer(815301076,1909f56bfc062723c751e8b465ee728b)
Start importing Assets/Scenes/testing field 2/NavMesh.asset using Guid(c96917936fc81a64397725a8d252336a) Importer(815301076,1909f56bfc062723c751e8b465ee728b)  -> (artifact id: 'c2ba6e0ab418d592474f6395b7efbdb4') in 0.015797 seconds 
  Import took 0.018686 seconds .

========================================================================
Received Import Request.
  Time since last request: 11.700677 seconds.
  path: Assets/maze test
  artifactKey: Guid(a3bb3fda9aaaae74596291b6bd7a70db) Importer(815301076,1909f56bfc062723c751e8b465ee728b)
Start importing Assets/maze test using Guid(a3bb3fda9aaaae74596291b6bd7a70db) Importer(815301076,1909f56bfc062723c751e8b465ee728b)  -> (artifact id: 'ebad2c07c2fedd35cee8b258dbf2226c') in 0.007444 seconds 
  Import took 0.010053 seconds .

========================================================================
Received Import Request.
  Time since last request: 10.891201 seconds.
  path: Assets/maze test/maze test.unity
  artifactKey: Guid(8ad88c35447a50f479f0712a80070816) Importer(815301076,1909f56bfc062723c751e8b465ee728b)
Start importing Assets/maze test/maze test.unity using Guid(8ad88c35447a50f479f0712a80070816) Importer(815301076,1909f56bfc062723c751e8b465ee728b)  -> (artifact id: '40b1118c4f567ef0c02e15ae4c770afc') in 0.006791 seconds 
  Import took 0.009810 seconds .

========================================================================
Received Import Request.
  Time since last request: 245.170878 seconds.
  path: Assets/New Terrain.asset
  artifactKey: Guid(28035eda58a197d49bad836191ea57d5) Importer(815301076,1909f56bfc062723c751e8b465ee728b)
Start importing Assets/New Terrain.asset using Guid(28035eda58a197d49bad836191ea57d5) Importer(815301076,1909f56bfc062723c751e8b465ee728b)  -> (artifact id: '5c4daac9d5df1a0d53e57008a95cd2e0') in 0.017076 seconds 
  Import took 0.020299 seconds .

========================================================================
Received Import Request.
  Time since last request: 2.289184 seconds.
  path: Assets/maze
  artifactKey: Guid(40879d616c1fbef4ea3f5b8f421c8ec9) Importer(815301076,1909f56bfc062723c751e8b465ee728b)
Start importing Assets/maze using Guid(40879d616c1fbef4ea3f5b8f421c8ec9) Importer(815301076,1909f56bfc062723c751e8b465ee728b)  -> (artifact id: '9b3ffa9161ebb33b31a70f60b51964b5') in 0.006680 seconds 
  Import took 0.009003 seconds .

========================================================================
Received Import Request.
  Time since last request: 2769.565144 seconds.
  path: Assets/maze/NewBrush.brush
  artifactKey: Guid(68435453ab1802840b62bf915ce01261) Importer(815301076,1909f56bfc062723c751e8b465ee728b)
Start importing Assets/maze/NewBrush.brush using Guid(68435453ab1802840b62bf915ce01261) Importer(815301076,1909f56bfc062723c751e8b465ee728b)  -> (artifact id: '3a5a8cf86de3787d327df44ee71d0e33') in 0.125004 seconds 
  Import took 0.138620 seconds .

